<?xml version="1.0" encoding="UTF-8"?>
<!-- Generated by org.testng.reporters.JUnitReportReporter -->
<testsuite hostname="mengxianchuang" name="com.xinma.base.datastore.ext.message.MessageServiceTest" tests="1" failures="0" timestamp="31 Aug 2016 09:53:41 GMT" time="0.335" errors="0">
  <testcase name="popMessage" time="0.335" classname="com.xinma.base.datastore.ext.message.MessageServiceTest"/>
</testsuite> <!-- com.xinma.base.datastore.ext.message.MessageServiceTest -->
